#@ # 
#@ # Running icc2_shell Version Q-2019.12-SP4 for linux64 -- May 26, 2020
#@ # Date:   Mon Apr 10 19:48:42 2023
#@ # Run by: ranga@auto.ece.pdx.edu
#@ 

pwd
cd ../../apr/work
pwd
fs
set top_design fifo1_sram
source ../scripts/icc2.tcl
gui_start
gui_set_pref_value -category {SelectByNamePalette} -key {ObjectType} -value {Logical Cells}
win_set_filter -visible -class cell -filter {hard_macro_margin hard_margin route_blockage_margin soft_margin}
win_set_filter -visible -class placement_blockage -filter {wiring} -layer {0-82}
win_set_filter -expand_cell_types {soft_macro  }
win_set_select_class -visible {cell port bound routing_blockage shaping_blockage pg_region pin_blockage block_shielding topology_node topology_edge topology_repeater core_area die_area edit_group shape via terminal fill_cell placement_blockage }
win_set_filter -class cell -filter {cell_array hard_macro_margin hard_margin route_blockage_margin soft_margin}
win_set_filter -class placement_blockage -filter {wiring} -layer {0-82}
win_set_select_class {cell port bound routing_blockage shaping_blockage pg_region pin_blockage topology_node topology_edge topology_repeater edit_group shape via placement_blockage }
gui_set_setting -window [gui_get_current_window -types Layout -mru] -setting showVoltageArea -value true
gui_set_setting -window [gui_get_current_window -types Layout -mru] -setting showRoute -value false
gui_set_setting -window [gui_get_current_window -types Layout -mru] -setting selectRoute -value false
win_set_filter -visible -class voltage_area -filter {guardband}
win_set_select_class -visible {cell port bound routing_blockage shaping_blockage pg_region pin_blockage block_shielding voltage_area topology_node topology_edge topology_repeater core_area die_area edit_group terminal fill_cell placement_blockage }
win_set_filter -class voltage_area -filter {guardband}
win_set_select_class {cell port bound routing_blockage shaping_blockage pg_region pin_blockage voltage_area topology_node topology_edge topology_repeater edit_group placement_blockage }
change_selection [ get_timing_path -group INPUTS]
gui_zoom -window [gui_get_current_window -types Layout -mru] -factor 0.5 -at_point {1276.215 706.392}
gui_zoom -window [gui_get_current_window -types Layout -mru] -factor 2 -at_point {1325.351 327.302}
gui_zoom -window [gui_get_current_window -types Layout -mru] -factor 0.5 -at_point {1272.059 494.130}
gui_zoom -window [gui_get_current_window -types Layout -mru] -factor 2 -at_point {1302.181 165.109}
win_select_objects -within {{1265.108 494.130} {1265.108 561.324}} -slct_targets global -slct_targets_operation clear
change_selection [ get_timing_path -group OUTPUTS]
gui_zoom -window [gui_get_current_window -view] -factor 0.5
change_selection 
change_selection [ get_timing_path -group rclk]
gui_zoom -window [gui_get_current_window -view] -rect {{797.064 410.716} {509.751 591.446}}
gui_zoom -window [gui_get_current_window -types Layout -mru] -factor 0.5 -at_point {621.540 553.918}
gui_zoom -window [gui_get_current_window -types Layout -mru] -factor 0.5 -at_point {622.010 553.918}
gui_zoom -window [gui_get_current_window -types Layout -mru] -factor 0.5 -at_point {621.069 554.859}
gui_zoom -window [gui_get_current_window -types Layout -mru] -factor 2 -at_point {624.833 554.859}
gui_zoom -window [gui_get_current_window -types Layout -mru] -factor 2 -at_point {624.833 554.859}
gui_zoom -window [gui_get_current_window -types Layout -mru] -factor 0.5 -at_point {932.545 281.965}
gui_zoom -window [gui_get_current_window -types Layout -mru] -factor 0.5 -at_point {978.654 234.914}
gui_zoom -window [gui_get_current_window -types Layout -mru] -factor 2 -at_point {-606.012 780.702}
gui_zoom -window [gui_get_current_window -types Layout -mru] -factor 0.5 -at_point {342.529 680.955}
gui_zoom -window [gui_get_current_window -types Layout -mru] -factor 2 -at_point {666.238 238.678}
gui_zoom -window [gui_get_current_window -types Layout -mru] -factor 2 -at_point {664.356 238.678}
gui_zoom -window [gui_get_current_window -types Layout -mru] -factor 2 -at_point {664.356 238.678}
gui_zoom -window [gui_get_current_window -types Layout -mru] -factor 0.5 -at_point {664.356 238.678}
gui_zoom -window [gui_get_current_window -types Layout -mru] -factor 2 -at_point {664.356 238.678}
gui_zoom -window [gui_get_current_window -types Layout -mru] -factor 2 -at_point {664.356 238.678}
gui_zoom -window [gui_get_current_window -types Layout -mru] -factor 0.5 -at_point {639.654 282.906}
gui_zoom -window [gui_get_current_window -types Layout -mru] -factor 0.5 -at_point {639.419 282.906}
gui_zoom -window [gui_get_current_window -types Layout -mru] -factor 0.5 -at_point {638.948 278.201}
gui_zoom -window [gui_get_current_window -types Layout -mru] -factor 0.5 -at_point {638.007 278.201}
gui_zoom -window [gui_get_current_window -types Layout -mru] -factor 2 -at_point {1046.407 178.453}
gui_zoom -window [gui_get_current_window -types Layout -mru] -factor 2 -at_point {1046.407 180.335}
gui_zoom -window [gui_get_current_window -types Layout -mru] -factor 2 -at_point {747.165 396.768}
change_selection 
change_selection [ get_timing_path -group wclk]
gui_zoom -window [gui_get_current_window -types Layout -mru] -factor 0.5 -at_point {804.567 374.184}
gui_zoom -window [gui_get_current_window -types Layout -mru] -factor 0.5 -at_point {804.567 373.243}
gui_zoom -window [gui_get_current_window -types Layout -mru] -factor 0.5 -at_point {989.946 268.791}
gui_zoom -window [gui_get_current_window -types Layout -mru] -factor 2 -at_point {925.958 931.264}
gui_zoom -window [gui_get_current_window -view] -rect {{528.850 520.982} {890.199 278.201}}
report_qor
exit
